To: micheal815@yahoo.com.hk
Dear photographer,
Go to http://localhost:8000/, fill in the invitation code hanRqXNdOT and become a member of imageX!
imageX team
To: micheal815@yahoo.com.hk
Dear photographer,
Go to http://localhost:8000/, fill in the invitation code C0nV5PdqYQ and become a member of imageX!
imageX team
To: micheal815@yahoo.com.hk
Dear photographer,
Go to http://localhost:8000/, fill in the invitation code oTrGaLgFMn and become a member of imageX!
imageX team
To: micheal815@abc.com.hk
Dear photographer,
Enter the token 1l7axgnxgp to reset your password.
imageX team
To: micheal815@abc.com.hk
Dear photographer,
Enter the token ztR4QOZkZT to reset your password.
imageX team
To: micheal815@abc.com.hk
Dear photographer,
Enter the token fMGzlyGejX to reset your password.
imageX team
